This file contains any messages produced by compilers while
running configure, to aid debugging if configure makes a mistake.

It was created by xboard configure 4.8.0, which was
generated by GNU Autoconf 2.69.  Invocation command line was

  $ ./configure 

## --------- ##
## Platform. ##
## --------- ##

hostname = Jormungand
uname -m = x86_64
uname -r = 5.3.0-40-generic
uname -s = Linux
uname -v = #32~18.04.1-Ubuntu SMP Mon Feb 3 14:05:59 UTC 2020

/usr/bin/uname -p = unknown
/bin/uname -X     = unknown

/bin/arch              = unknown
/usr/bin/arch -k       = unknown
/usr/convex/getsysinfo = unknown
/usr/bin/hostinfo      = unknown
/bin/machine           = unknown
/usr/bin/oslevel       = unknown
/bin/universe          = unknown

PATH: /home/labaman/.local/bin
PATH: /usr/local/sbin
PATH: /usr/local/bin
PATH: /usr/sbin
PATH: /usr/bin
PATH: /sbin
PATH: /bin
PATH: /usr/games
PATH: /usr/local/games
PATH: /snap/bin


## ----------- ##
## Core tests. ##
## ----------- ##

configure:2337: checking for a BSD-compatible install
configure:2405: result: /usr/bin/install -c
configure:2416: checking whether build environment is sane
configure:2471: result: yes
configure:2622: checking for a thread-safe mkdir -p
configure:2661: result: /bin/mkdir -p
configure:2668: checking for gawk
configure:2698: result: no
configure:2668: checking for mawk
configure:2684: found /usr/bin/mawk
configure:2695: result: mawk
configure:2706: checking whether make sets $(MAKE)
configure:2728: result: yes
configure:2757: checking whether make supports nested variables
configure:2774: result: yes
configure:2869: checking whether make supports nested variables
configure:2886: result: yes
configure:2976: checking for gcc
configure:2992: found /usr/bin/gcc
configure:3003: result: gcc
configure:3232: checking for C compiler version
configure:3241: gcc --version >&5
gcc (Ubuntu 7.4.0-1ubuntu1~18.04.1) 7.4.0
Copyright (C) 2017 Free Software Foundation, Inc.
This is free software; see the source for copying conditions.  There is NO
warranty; not even for MERCHANTABILITY or FITNESS FOR A PARTICULAR PURPOSE.

configure:3252: $? = 0
configure:3241: gcc -v >&5
Using built-in specs.
COLLECT_GCC=gcc
COLLECT_LTO_WRAPPER=/usr/lib/gcc/x86_64-linux-gnu/7/lto-wrapper
OFFLOAD_TARGET_NAMES=nvptx-none
OFFLOAD_TARGET_DEFAULT=1
Target: x86_64-linux-gnu
Configured with: ../src/configure -v --with-pkgversion='Ubuntu 7.4.0-1ubuntu1~18.04.1' --with-bugurl=file:///usr/share/doc/gcc-7/README.Bugs --enable-languages=c,ada,c++,go,brig,d,fortran,objc,obj-c++ --prefix=/usr --with-gcc-major-version-only --program-suffix=-7 --program-prefix=x86_64-linux-gnu- --enable-shared --enable-linker-build-id --libexecdir=/usr/lib --without-included-gettext --enable-threads=posix --libdir=/usr/lib --enable-nls --with-sysroot=/ --enable-clocale=gnu --enable-libstdcxx-debug --enable-libstdcxx-time=yes --with-default-libstdcxx-abi=new --enable-gnu-unique-object --disable-vtable-verify --enable-libmpx --enable-plugin --enable-default-pie --with-system-zlib --with-target-system-zlib --enable-objc-gc=auto --enable-multiarch --disable-werror --with-arch-32=i686 --with-abi=m64 --with-multilib-list=m32,m64,mx32 --enable-multilib --with-tune=generic --enable-offload-targets=nvptx-none --without-cuda-driver --enable-checking=release --build=x86_64-linux-gnu --host=x86_64-linux-gnu --target=x86_64-linux-gnu
Thread model: posix
gcc version 7.4.0 (Ubuntu 7.4.0-1ubuntu1~18.04.1) 
configure:3252: $? = 0
configure:3241: gcc -V >&5
gcc: error: unrecognized command line option '-V'
gcc: fatal error: no input files
compilation terminated.
configure:3252: $? = 1
configure:3241: gcc -qversion >&5
gcc: error: unrecognized command line option '-qversion'; did you mean '--version'?
gcc: fatal error: no input files
compilation terminated.
configure:3252: $? = 1
configure:3272: checking whether the C compiler works
configure:3294: gcc     conftest.c  >&5
configure:3298: $? = 0
configure:3346: result: yes
configure:3349: checking for C compiler default output file name
configure:3351: result: a.out
configure:3357: checking for suffix of executables
configure:3364: gcc -o conftest     conftest.c  >&5
configure:3368: $? = 0
configure:3390: result: 
configure:3412: checking whether we are cross compiling
configure:3420: gcc -o conftest     conftest.c  >&5
configure:3424: $? = 0
configure:3431: ./conftest
configure:3435: $? = 0
configure:3450: result: no
configure:3455: checking for suffix of object files
configure:3477: gcc -c    conftest.c >&5
configure:3481: $? = 0
configure:3502: result: o
configure:3506: checking whether we are using the GNU C compiler
configure:3525: gcc -c    conftest.c >&5
configure:3525: $? = 0
configure:3534: result: yes
configure:3543: checking whether gcc accepts -g
configure:3563: gcc -c -g  conftest.c >&5
configure:3563: $? = 0
configure:3604: result: yes
configure:3621: checking for gcc option to accept ISO C89
configure:3684: gcc  -c    conftest.c >&5
configure:3684: $? = 0
configure:3697: result: none needed
configure:3728: checking for style of include used by make
configure:3756: result: GNU
configure:3782: checking dependency style of gcc
configure:3893: result: gcc3
configure:3910: checking whether gcc and cc understand -c and -o together
configure:3941: gcc -c conftest.c -o conftest2.o >&5
configure:3945: $? = 0
configure:3951: gcc -c conftest.c -o conftest2.o >&5
configure:3955: $? = 0
configure:3966: cc -c conftest.c >&5
configure:3970: $? = 0
configure:3978: cc -c conftest.c -o conftest2.o >&5
configure:3982: $? = 0
configure:3988: cc -c conftest.c -o conftest2.o >&5
configure:3992: $? = 0
configure:4010: result: yes
configure:4041: checking how to run the C preprocessor
configure:4072: gcc -E  conftest.c
configure:4072: $? = 0
configure:4086: gcc -E  conftest.c
conftest.c:11:10: fatal error: ac_nonexistent.h: No such file or directory
 #include <ac_nonexistent.h>
          ^~~~~~~~~~~~~~~~~~
compilation terminated.
configure:4086: $? = 1
configure: failed program was:
| /* confdefs.h */
| #define PACKAGE_NAME "xboard"
| #define PACKAGE_TARNAME "xboard"
| #define PACKAGE_VERSION "4.8.0"
| #define PACKAGE_STRING "xboard 4.8.0"
| #define PACKAGE_BUGREPORT "bug-xboard@gnu.org"
| #define PACKAGE_URL ""
| #define PACKAGE "xboard"
| #define VERSION "4.8.0"
| /* end confdefs.h.  */
| #include <ac_nonexistent.h>
configure:4111: result: gcc -E
configure:4131: gcc -E  conftest.c
configure:4131: $? = 0
configure:4145: gcc -E  conftest.c
conftest.c:11:10: fatal error: ac_nonexistent.h: No such file or directory
 #include <ac_nonexistent.h>
          ^~~~~~~~~~~~~~~~~~
compilation terminated.
configure:4145: $? = 1
configure: failed program was:
| /* confdefs.h */
| #define PACKAGE_NAME "xboard"
| #define PACKAGE_TARNAME "xboard"
| #define PACKAGE_VERSION "4.8.0"
| #define PACKAGE_STRING "xboard 4.8.0"
| #define PACKAGE_BUGREPORT "bug-xboard@gnu.org"
| #define PACKAGE_URL ""
| #define PACKAGE "xboard"
| #define VERSION "4.8.0"
| /* end confdefs.h.  */
| #include <ac_nonexistent.h>
configure:4174: checking for library containing strerror
configure:4205: gcc -o conftest     conftest.c  >&5
configure:4205: $? = 0
configure:4222: result: none required
configure:4241: checking whether NLS is requested
configure:4250: result: yes
configure:4291: checking for msgfmt
configure: trying /usr/bin/msgfmt...
0 translated messages.
configure:4323: result: /usr/bin/msgfmt
configure:4332: checking for gmsgfmt
configure:4363: result: /usr/bin/msgfmt
configure:4414: checking for xgettext
configure: trying /usr/bin/xgettext...
/usr/bin/xgettext: warning: file '/dev/null' extension '' is unknown; will try C
configure:4446: result: /usr/bin/xgettext
configure:4492: checking for msgmerge
configure: trying /usr/bin/msgmerge...
configure:4523: result: /usr/bin/msgmerge
configure:4560: checking build system type
configure:4574: result: x86_64-unknown-linux-gnu
configure:4594: checking host system type
configure:4607: result: x86_64-unknown-linux-gnu
configure:4651: checking for ld used by GCC
configure:4715: result: /usr/bin/ld
configure:4722: checking if the linker (/usr/bin/ld) is GNU ld
configure:4735: result: yes
configure:4742: checking for shared library run path origin
configure:4755: result: done
configure:5256: checking for CFPreferencesCopyAppValue
configure:5274: gcc -o conftest     conftest.c  -Wl,-framework -Wl,CoreFoundation >&5
conftest.c:11:10: fatal error: CoreFoundation/CFPreferences.h: No such file or directory
 #include <CoreFoundation/CFPreferences.h>
          ^~~~~~~~~~~~~~~~~~~~~~~~~~~~~~~~
compilation terminated.
configure:5274: $? = 1
configure: failed program was:
| /* confdefs.h */
| #define PACKAGE_NAME "xboard"
| #define PACKAGE_TARNAME "xboard"
| #define PACKAGE_VERSION "4.8.0"
| #define PACKAGE_STRING "xboard 4.8.0"
| #define PACKAGE_BUGREPORT "bug-xboard@gnu.org"
| #define PACKAGE_URL ""
| #define PACKAGE "xboard"
| #define VERSION "4.8.0"
| /* end confdefs.h.  */
| #include <CoreFoundation/CFPreferences.h>
| int
| main ()
| {
| CFPreferencesCopyAppValue(NULL, NULL)
|   ;
|   return 0;
| }
configure:5283: result: no
configure:5290: checking for CFLocaleCopyCurrent
configure:5308: gcc -o conftest     conftest.c  -Wl,-framework -Wl,CoreFoundation >&5
conftest.c:11:10: fatal error: CoreFoundation/CFLocale.h: No such file or directory
 #include <CoreFoundation/CFLocale.h>
          ^~~~~~~~~~~~~~~~~~~~~~~~~~~
compilation terminated.
configure:5308: $? = 1
configure: failed program was:
| /* confdefs.h */
| #define PACKAGE_NAME "xboard"
| #define PACKAGE_TARNAME "xboard"
| #define PACKAGE_VERSION "4.8.0"
| #define PACKAGE_STRING "xboard 4.8.0"
| #define PACKAGE_BUGREPORT "bug-xboard@gnu.org"
| #define PACKAGE_URL ""
| #define PACKAGE "xboard"
| #define VERSION "4.8.0"
| /* end confdefs.h.  */
| #include <CoreFoundation/CFLocale.h>
| int
| main ()
| {
| CFLocaleCopyCurrent();
|   ;
|   return 0;
| }
configure:5317: result: no
configure:5366: checking for GNU gettext in libc
configure:5386: gcc -o conftest     conftest.c  >&5
configure:5386: $? = 0
configure:5395: result: yes
configure:6141: checking whether to use NLS
configure:6143: result: yes
configure:6146: checking where the gettext function comes from
configure:6157: result: libc
configure:6219: checking for remsh
configure:6249: result: no
configure:6219: checking for rsh
configure:6235: found /usr/bin/rsh
configure:6246: result: rsh
configure:6262: checking for makeinfo
configure:6278: found /usr/bin/makeinfo
configure:6289: result: makeinfo
configure:6311: checking for nroff
configure:6327: found /usr/bin/nroff
configure:6339: result: nroff -man
configure:6352: checking for awk
configure:6370: found /usr/bin/awk
configure:6382: result: /usr/bin/awk
configure:6397: checking for perl
configure:6415: found /usr/bin/perl
configure:6427: result: /usr/bin/perl
configure:6440: checking for grep that handles long lines and -e
configure:6498: result: /bin/grep
configure:6503: checking for egrep
configure:6565: result: /bin/grep -E
configure:6570: checking for ANSI C header files
configure:6590: gcc -c    conftest.c >&5
configure:6590: $? = 0
configure:6663: gcc -o conftest     conftest.c  >&5
configure:6663: $? = 0
configure:6663: ./conftest
configure:6663: $? = 0
configure:6674: result: yes
configure:6682: checking whether time.h and sys/time.h may both be included
configure:6702: gcc -c    conftest.c >&5
configure:6702: $? = 0
configure:6709: result: yes
configure:6717: checking for sys/wait.h that is POSIX.1 compatible
configure:6743: gcc -c    conftest.c >&5
configure:6743: $? = 0
configure:6750: result: yes
configure:6761: checking for dirent.h that defines DIR
configure:6780: gcc -c    conftest.c >&5
configure:6780: $? = 0
configure:6788: result: yes
configure:6801: checking for library containing opendir
configure:6832: gcc -o conftest     conftest.c  >&5
configure:6832: $? = 0
configure:6849: result: none required
configure:6916: checking return type of signal handlers
configure:6934: gcc -c    conftest.c >&5
conftest.c: In function 'main':
conftest.c:25:10: error: void value not ignored as it ought to be
 return *(signal (0, 0)) (0) == 1;
         ~^~~~~~~~~~~~~~~~~~
configure:6934: $? = 1
configure: failed program was:
| /* confdefs.h */
| #define PACKAGE_NAME "xboard"
| #define PACKAGE_TARNAME "xboard"
| #define PACKAGE_VERSION "4.8.0"
| #define PACKAGE_STRING "xboard 4.8.0"
| #define PACKAGE_BUGREPORT "bug-xboard@gnu.org"
| #define PACKAGE_URL ""
| #define PACKAGE "xboard"
| #define VERSION "4.8.0"
| #define ENABLE_NLS 1
| #define HAVE_GETTEXT 1
| #define HAVE_DCGETTEXT 1
| #define REMOTE_SHELL "rsh"
| #define STDC_HEADERS 1
| #define TIME_WITH_SYS_TIME 1
| #define HAVE_SYS_WAIT_H 1
| #define HAVE_DIRENT_H 1
| /* end confdefs.h.  */
| #include <sys/types.h>
| #include <signal.h>
| 
| int
| main ()
| {
| return *(signal (0, 0)) (0) == 1;
|   ;
|   return 0;
| }
configure:6941: result: void
configure:6954: checking for sys/types.h
configure:6954: gcc -c    conftest.c >&5
configure:6954: $? = 0
configure:6954: result: yes
configure:6954: checking for sys/stat.h
configure:6954: gcc -c    conftest.c >&5
configure:6954: $? = 0
configure:6954: result: yes
configure:6954: checking for stdlib.h
configure:6954: gcc -c    conftest.c >&5
configure:6954: $? = 0
configure:6954: result: yes
configure:6954: checking for string.h
configure:6954: gcc -c    conftest.c >&5
configure:6954: $? = 0
configure:6954: result: yes
configure:6954: checking for memory.h
configure:6954: gcc -c    conftest.c >&5
configure:6954: $? = 0
configure:6954: result: yes
configure:6954: checking for strings.h
configure:6954: gcc -c    conftest.c >&5
configure:6954: $? = 0
configure:6954: result: yes
configure:6954: checking for inttypes.h
configure:6954: gcc -c    conftest.c >&5
configure:6954: $? = 0
configure:6954: result: yes
configure:6954: checking for stdint.h
configure:6954: gcc -c    conftest.c >&5
configure:6954: $? = 0
configure:6954: result: yes
configure:6954: checking for unistd.h
configure:6954: gcc -c    conftest.c >&5
configure:6954: $? = 0
configure:6954: result: yes
configure:6969: checking stropts.h usability
configure:6969: gcc -c    conftest.c >&5
configure:6969: $? = 0
configure:6969: result: yes
configure:6969: checking stropts.h presence
configure:6969: gcc -E  conftest.c
configure:6969: $? = 0
configure:6969: result: yes
configure:6969: checking for stropts.h
configure:6969: result: yes
configure:6969: checking sys/time.h usability
configure:6969: gcc -c    conftest.c >&5
configure:6969: $? = 0
configure:6969: result: yes
configure:6969: checking sys/time.h presence
configure:6969: gcc -E  conftest.c
configure:6969: $? = 0
configure:6969: result: yes
configure:6969: checking for sys/time.h
configure:6969: result: yes
configure:6969: checking for string.h
configure:6969: result: yes
configure:6969: checking for unistd.h
configure:6969: result: yes
configure:6969: checking sys/systeminfo.h usability
configure:6969: gcc -c    conftest.c >&5
conftest.c:66:10: fatal error: sys/systeminfo.h: No such file or directory
 #include <sys/systeminfo.h>
          ^~~~~~~~~~~~~~~~~~
compilation terminated.
configure:6969: $? = 1
configure: failed program was:
| /* confdefs.h */
| #define PACKAGE_NAME "xboard"
| #define PACKAGE_TARNAME "xboard"
| #define PACKAGE_VERSION "4.8.0"
| #define PACKAGE_STRING "xboard 4.8.0"
| #define PACKAGE_BUGREPORT "bug-xboard@gnu.org"
| #define PACKAGE_URL ""
| #define PACKAGE "xboard"
| #define VERSION "4.8.0"
| #define ENABLE_NLS 1
| #define HAVE_GETTEXT 1
| #define HAVE_DCGETTEXT 1
| #define REMOTE_SHELL "rsh"
| #define STDC_HEADERS 1
| #define TIME_WITH_SYS_TIME 1
| #define HAVE_SYS_WAIT_H 1
| #define HAVE_DIRENT_H 1
| #define RETSIGTYPE void
| #define HAVE_SYS_TYPES_H 1
| #define HAVE_SYS_STAT_H 1
| #define HAVE_STDLIB_H 1
| #define HAVE_STRING_H 1
| #define HAVE_MEMORY_H 1
| #define HAVE_STRINGS_H 1
| #define HAVE_INTTYPES_H 1
| #define HAVE_STDINT_H 1
| #define HAVE_UNISTD_H 1
| #define HAVE_STROPTS_H 1
| #define HAVE_SYS_TIME_H 1
| #define HAVE_STRING_H 1
| #define HAVE_UNISTD_H 1
| /* end confdefs.h.  */
| #include <stdio.h>
| #ifdef HAVE_SYS_TYPES_H
| # include <sys/types.h>
| #endif
| #ifdef HAVE_SYS_STAT_H
| # include <sys/stat.h>
| #endif
| #ifdef STDC_HEADERS
| # include <stdlib.h>
| # include <stddef.h>
| #else
| # ifdef HAVE_STDLIB_H
| #  include <stdlib.h>
| # endif
| #endif
| #ifdef HAVE_STRING_H
| # if !defined STDC_HEADERS && defined HAVE_MEMORY_H
| #  include <memory.h>
| # endif
| # include <string.h>
| #endif
| #ifdef HAVE_STRINGS_H
| # include <strings.h>
| #endif
| #ifdef HAVE_INTTYPES_H
| # include <inttypes.h>
| #endif
| #ifdef HAVE_STDINT_H
| # include <stdint.h>
| #endif
| #ifdef HAVE_UNISTD_H
| # include <unistd.h>
| #endif
| #include <sys/systeminfo.h>
configure:6969: result: no
configure:6969: checking sys/systeminfo.h presence
configure:6969: gcc -E  conftest.c
conftest.c:33:10: fatal error: sys/systeminfo.h: No such file or directory
 #include <sys/systeminfo.h>
          ^~~~~~~~~~~~~~~~~~
compilation terminated.
configure:6969: $? = 1
configure: failed program was:
| /* confdefs.h */
| #define PACKAGE_NAME "xboard"
| #define PACKAGE_TARNAME "xboard"
| #define PACKAGE_VERSION "4.8.0"
| #define PACKAGE_STRING "xboard 4.8.0"
| #define PACKAGE_BUGREPORT "bug-xboard@gnu.org"
| #define PACKAGE_URL ""
| #define PACKAGE "xboard"
| #define VERSION "4.8.0"
| #define ENABLE_NLS 1
| #define HAVE_GETTEXT 1
| #define HAVE_DCGETTEXT 1
| #define REMOTE_SHELL "rsh"
| #define STDC_HEADERS 1
| #define TIME_WITH_SYS_TIME 1
| #define HAVE_SYS_WAIT_H 1
| #define HAVE_DIRENT_H 1
| #define RETSIGTYPE void
| #define HAVE_SYS_TYPES_H 1
| #define HAVE_SYS_STAT_H 1
| #define HAVE_STDLIB_H 1
| #define HAVE_STRING_H 1
| #define HAVE_MEMORY_H 1
| #define HAVE_STRINGS_H 1
| #define HAVE_INTTYPES_H 1
| #define HAVE_STDINT_H 1
| #define HAVE_UNISTD_H 1
| #define HAVE_STROPTS_H 1
| #define HAVE_SYS_TIME_H 1
| #define HAVE_STRING_H 1
| #define HAVE_UNISTD_H 1
| /* end confdefs.h.  */
| #include <sys/systeminfo.h>
configure:6969: result: no
configure:6969: checking for sys/systeminfo.h
configure:6969: result: no
configure:6982: checking fcntl.h usability
configure:6982: gcc -c    conftest.c >&5
configure:6982: $? = 0
configure:6982: result: yes
configure:6982: checking fcntl.h presence
configure:6982: gcc -E  conftest.c
configure:6982: $? = 0
configure:6982: result: yes
configure:6982: checking for fcntl.h
configure:6982: result: yes
configure:6995: checking sys/socket.h usability
configure:6995: gcc -c    conftest.c >&5
configure:6995: $? = 0
configure:6995: result: yes
configure:6995: checking sys/socket.h presence
configure:6995: gcc -E  conftest.c
configure:6995: $? = 0
configure:6995: result: yes
configure:6995: checking for sys/socket.h
configure:6995: result: yes
configure:7005: checking stddef.h usability
configure:7005: gcc -c    conftest.c >&5
configure:7005: $? = 0
configure:7005: result: yes
configure:7005: checking stddef.h presence
configure:7005: gcc -E  conftest.c
configure:7005: $? = 0
configure:7005: result: yes
configure:7005: checking for stddef.h
configure:7005: result: yes
configure:7018: checking for _getpty
configure:7018: gcc -o conftest     conftest.c  >&5
/tmp/ccuPXqb1.o: In function `main':
conftest.c:(.text+0xa): undefined reference to `_getpty'
collect2: error: ld returned 1 exit status
configure:7018: $? = 1
configure: failed program was:
| /* confdefs.h */
| #define PACKAGE_NAME "xboard"
| #define PACKAGE_TARNAME "xboard"
| #define PACKAGE_VERSION "4.8.0"
| #define PACKAGE_STRING "xboard 4.8.0"
| #define PACKAGE_BUGREPORT "bug-xboard@gnu.org"
| #define PACKAGE_URL ""
| #define PACKAGE "xboard"
| #define VERSION "4.8.0"
| #define ENABLE_NLS 1
| #define HAVE_GETTEXT 1
| #define HAVE_DCGETTEXT 1
| #define REMOTE_SHELL "rsh"
| #define STDC_HEADERS 1
| #define TIME_WITH_SYS_TIME 1
| #define HAVE_SYS_WAIT_H 1
| #define HAVE_DIRENT_H 1
| #define RETSIGTYPE void
| #define HAVE_SYS_TYPES_H 1
| #define HAVE_SYS_STAT_H 1
| #define HAVE_STDLIB_H 1
| #define HAVE_STRING_H 1
| #define HAVE_MEMORY_H 1
| #define HAVE_STRINGS_H 1
| #define HAVE_INTTYPES_H 1
| #define HAVE_STDINT_H 1
| #define HAVE_UNISTD_H 1
| #define HAVE_STROPTS_H 1
| #define HAVE_SYS_TIME_H 1
| #define HAVE_STRING_H 1
| #define HAVE_UNISTD_H 1
| #define HAVE_FCNTL_H 1
| #define HAVE_SYS_SOCKET_H 1
| /* end confdefs.h.  */
| /* Define _getpty to an innocuous variant, in case <limits.h> declares _getpty.
|    For example, HP-UX 11i <limits.h> declares gettimeofday.  */
| #define _getpty innocuous__getpty
| 
| /* System header to define __stub macros and hopefully few prototypes,
|     which can conflict with char _getpty (); below.
|     Prefer <limits.h> to <assert.h> if __STDC__ is defined, since
|     <limits.h> exists even on freestanding compilers.  */
| 
| #ifdef __STDC__
| # include <limits.h>
| #else
| # include <assert.h>
| #endif
| 
| #undef _getpty
| 
| /* Override any GCC internal prototype to avoid an error.
|    Use char because int might match the return type of a GCC
|    builtin and then its argument prototype would still apply.  */
| #ifdef __cplusplus
| extern "C"
| #endif
| char _getpty ();
| /* The GNU C library defines this for functions which it implements
|     to always fail with ENOSYS.  Some functions are actually named
|     something starting with __ and the normal name is an alias.  */
| #if defined __stub__getpty || defined __stub____getpty
| choke me
| #endif
| 
| int
| main ()
| {
| return _getpty ();
|   ;
|   return 0;
| }
configure:7018: result: no
configure:7018: checking for grantpt
configure:7018: gcc -o conftest     conftest.c  >&5
configure:7018: $? = 0
configure:7018: result: yes
configure:7018: checking for setitimer
configure:7018: gcc -o conftest     conftest.c  >&5
configure:7018: $? = 0
configure:7018: result: yes
configure:7018: checking for usleep
configure:7018: gcc -o conftest     conftest.c  >&5
configure:7018: $? = 0
configure:7018: result: yes
configure:7030: checking for gettimeofday
configure:7030: gcc -o conftest     conftest.c  >&5
configure:7030: $? = 0
configure:7030: result: yes
configure:7042: checking for random
configure:7042: gcc -o conftest     conftest.c  >&5
configure:7042: $? = 0
configure:7042: result: yes
configure:7054: checking for gethostname
configure:7054: gcc -o conftest     conftest.c  >&5
configure:7054: $? = 0
configure:7054: result: yes
configure:7063: checking for setlocale
configure:7063: gcc -o conftest     conftest.c  >&5
configure:7063: $? = 0
configure:7063: result: yes
configure:7118: checking for getpseudotty in -lseq
configure:7143: gcc -o conftest     conftest.c -lseq   >&5
/usr/bin/ld: cannot find -lseq
collect2: error: ld returned 1 exit status
configure:7143: $? = 1
configure: failed program was:
| /* confdefs.h */
| #define PACKAGE_NAME "xboard"
| #define PACKAGE_TARNAME "xboard"
| #define PACKAGE_VERSION "4.8.0"
| #define PACKAGE_STRING "xboard 4.8.0"
| #define PACKAGE_BUGREPORT "bug-xboard@gnu.org"
| #define PACKAGE_URL ""
| #define PACKAGE "xboard"
| #define VERSION "4.8.0"
| #define ENABLE_NLS 1
| #define HAVE_GETTEXT 1
| #define HAVE_DCGETTEXT 1
| #define REMOTE_SHELL "rsh"
| #define STDC_HEADERS 1
| #define TIME_WITH_SYS_TIME 1
| #define HAVE_SYS_WAIT_H 1
| #define HAVE_DIRENT_H 1
| #define RETSIGTYPE void
| #define HAVE_SYS_TYPES_H 1
| #define HAVE_SYS_STAT_H 1
| #define HAVE_STDLIB_H 1
| #define HAVE_STRING_H 1
| #define HAVE_MEMORY_H 1
| #define HAVE_STRINGS_H 1
| #define HAVE_INTTYPES_H 1
| #define HAVE_STDINT_H 1
| #define HAVE_UNISTD_H 1
| #define HAVE_STROPTS_H 1
| #define HAVE_SYS_TIME_H 1
| #define HAVE_STRING_H 1
| #define HAVE_UNISTD_H 1
| #define HAVE_FCNTL_H 1
| #define HAVE_SYS_SOCKET_H 1
| #define HAVE_GRANTPT 1
| #define HAVE_SETITIMER 1
| #define HAVE_USLEEP 1
| #define HAVE_GETTIMEOFDAY 1
| #define HAVE_RANDOM 1
| #define HAVE_GETHOSTNAME 1
| /* end confdefs.h.  */
| 
| /* Override any GCC internal prototype to avoid an error.
|    Use char because int might match the return type of a GCC
|    builtin and then its argument prototype would still apply.  */
| #ifdef __cplusplus
| extern "C"
| #endif
| char getpseudotty ();
| int
| main ()
| {
| return getpseudotty ();
|   ;
|   return 0;
| }
configure:7152: result: no
configure:7164: checking whether compiler understands -Wall -Wno-parentheses
configure:7179: gcc -c   -Wall -Wno-parentheses  conftest.c >&5
configure:7179: $? = 0
configure:7180: result: yes
configure:7193: checking for pkg-config
configure:7209: found /usr/bin/pkg-config
configure:7220: result: pkg-config
configure:7290: checking for pkg-config
configure:7308: found /usr/bin/pkg-config
configure:7320: result: /usr/bin/pkg-config
configure:7345: checking pkg-config is at least version 0.9.0
configure:7348: result: yes
configure:7358: checking for CAIRO
configure:7365: $PKG_CONFIG --exists --print-errors " cairo >= 1.2.0 librsvg-2.0 >= 2.14.0 "
configure:7368: $? = 0
configure:7382: $PKG_CONFIG --exists --print-errors " cairo >= 1.2.0 librsvg-2.0 >= 2.14.0 "
configure:7385: $? = 0
configure:7443: result: yes
configure:7579: checking for xdg-mime
configure:7597: found /usr/bin/xdg-mime
configure:7609: result: /usr/bin/xdg-mime
configure:7620: checking for xdg-desktop-menu
configure:7638: found /usr/bin/xdg-desktop-menu
configure:7650: result: /usr/bin/xdg-desktop-menu
configure:7661: checking for xdg-icon-resource
configure:7679: found /usr/bin/xdg-icon-resource
configure:7691: result: /usr/bin/xdg-icon-resource
configure:7807: checking for X
configure:7915: gcc -E  conftest.c
configure:7915: $? = 0
configure:7946: gcc -o conftest   -Wall -Wno-parentheses   conftest.c -lX11  >&5
configure:7946: $? = 0
configure:7996: result: libraries , headers 
configure:8095: gcc -o conftest   -Wall -Wno-parentheses   conftest.c   -lX11 >&5
configure:8095: $? = 0
configure:8193: checking for gethostbyname
configure:8193: gcc -o conftest   -Wall -Wno-parentheses   conftest.c  >&5
configure:8193: $? = 0
configure:8193: result: yes
configure:8290: checking for connect
configure:8290: gcc -o conftest   -Wall -Wno-parentheses   conftest.c  >&5
configure:8290: $? = 0
configure:8290: result: yes
configure:8339: checking for remove
configure:8339: gcc -o conftest   -Wall -Wno-parentheses   conftest.c  >&5
configure:8339: $? = 0
configure:8339: result: yes
configure:8388: checking for shmat
configure:8388: gcc -o conftest   -Wall -Wno-parentheses   conftest.c  >&5
configure:8388: $? = 0
configure:8388: result: yes
configure:8446: checking for IceConnectionNumber in -lICE
configure:8471: gcc -o conftest   -Wall -Wno-parentheses   conftest.c -lICE   >&5
configure:8471: $? = 0
configure:8480: result: yes
configure:8500: checking X11/Intrinsic.h usability
configure:8500: gcc -c   -Wall -Wno-parentheses    conftest.c >&5
configure:8500: $? = 0
configure:8500: result: yes
configure:8500: checking X11/Intrinsic.h presence
configure:8500: gcc -E   conftest.c
configure:8500: $? = 0
configure:8500: result: yes
configure:8500: checking for X11/Intrinsic.h
configure:8500: result: yes
configure:8570: checking X11/Xaw/Dialog.h usability
configure:8570: gcc -c   -Wall -Wno-parentheses    conftest.c >&5
configure:8570: $? = 0
configure:8570: result: yes
configure:8570: checking X11/Xaw/Dialog.h presence
configure:8570: gcc -E   conftest.c
configure:8570: $? = 0
configure:8570: result: yes
configure:8570: checking for X11/Xaw/Dialog.h
configure:8570: result: yes
configure:8825: checking whether ptys or pipes should be used
configure:8847: result: pipes
configure:9032: checking that generated files are newer than configure
configure:9038: result: done
configure:9081: creating ./config.status

## ---------------------- ##
## Running config.status. ##
## ---------------------- ##

This file was extended by xboard config.status 4.8.0, which was
generated by GNU Autoconf 2.69.  Invocation command line was

  CONFIG_FILES    = 
  CONFIG_HEADERS  = 
  CONFIG_LINKS    = 
  CONFIG_COMMANDS = 
  $ ./config.status 

on Jormungand

config.status:962: creating Makefile
config.status:962: creating cmail
config.status:962: creating po/Makefile.in
config.status:962: creating osxapp/Info.plist
config.status:962: creating config.h
config.status:1191: executing depfiles commands
config.status:1191: executing po-directories commands
config.status:1191: executing test-stamp-h commands
config.status:1191: executing chmod-cmail commands

## ---------------- ##
## Cache variables. ##
## ---------------- ##

ac_cv_build=x86_64-unknown-linux-gnu
ac_cv_c_compiler_gnu=yes
ac_cv_env_CAIRO_CFLAGS_set=
ac_cv_env_CAIRO_CFLAGS_value=
ac_cv_env_CAIRO_LIBS_set=
ac_cv_env_CAIRO_LIBS_value=
ac_cv_env_CC_set=
ac_cv_env_CC_value=
ac_cv_env_CFLAGS_set=
ac_cv_env_CFLAGS_value=
ac_cv_env_CPPFLAGS_set=
ac_cv_env_CPPFLAGS_value=
ac_cv_env_CPP_set=
ac_cv_env_CPP_value=
ac_cv_env_GTK_CFLAGS_set=
ac_cv_env_GTK_CFLAGS_value=
ac_cv_env_GTK_LIBS_set=
ac_cv_env_GTK_LIBS_value=
ac_cv_env_LDFLAGS_set=
ac_cv_env_LDFLAGS_value=
ac_cv_env_LIBS_set=
ac_cv_env_LIBS_value=
ac_cv_env_PKG_CONFIG_LIBDIR_set=
ac_cv_env_PKG_CONFIG_LIBDIR_value=
ac_cv_env_PKG_CONFIG_PATH_set=
ac_cv_env_PKG_CONFIG_PATH_value=
ac_cv_env_PKG_CONFIG_set=
ac_cv_env_PKG_CONFIG_value=
ac_cv_env_XMKMF_set=
ac_cv_env_XMKMF_value=
ac_cv_env_build_alias_set=
ac_cv_env_build_alias_value=
ac_cv_env_host_alias_set=
ac_cv_env_host_alias_value=
ac_cv_env_target_alias_set=
ac_cv_env_target_alias_value=
ac_cv_func__getpty=no
ac_cv_func_connect=yes
ac_cv_func_gethostbyname=yes
ac_cv_func_gethostname=yes
ac_cv_func_gettimeofday=yes
ac_cv_func_grantpt=yes
ac_cv_func_random=yes
ac_cv_func_remove=yes
ac_cv_func_setitimer=yes
ac_cv_func_setlocale=yes
ac_cv_func_shmat=yes
ac_cv_func_usleep=yes
ac_cv_have_x='have_x=yes	ac_x_includes='\'''\''	ac_x_libraries='\'''\'''
ac_cv_header_X11_Intrinsic_h=yes
ac_cv_header_X11_Xaw_Dialog_h=yes
ac_cv_header_dirent_dirent_h=yes
ac_cv_header_fcntl_h=yes
ac_cv_header_inttypes_h=yes
ac_cv_header_memory_h=yes
ac_cv_header_stdc=yes
ac_cv_header_stddef_h=yes
ac_cv_header_stdint_h=yes
ac_cv_header_stdlib_h=yes
ac_cv_header_string_h=yes
ac_cv_header_strings_h=yes
ac_cv_header_stropts_h=yes
ac_cv_header_sys_socket_h=yes
ac_cv_header_sys_stat_h=yes
ac_cv_header_sys_systeminfo_h=no
ac_cv_header_sys_time_h=yes
ac_cv_header_sys_types_h=yes
ac_cv_header_sys_wait_h=yes
ac_cv_header_time=yes
ac_cv_header_unistd_h=yes
ac_cv_host=x86_64-unknown-linux-gnu
ac_cv_lib_ICE_IceConnectionNumber=yes
ac_cv_lib_seq_getpseudotty=no
ac_cv_objext=o
ac_cv_path_AWKPATH=/usr/bin/awk
ac_cv_path_EGREP='/bin/grep -E'
ac_cv_path_GMSGFMT=/usr/bin/msgfmt
ac_cv_path_GREP=/bin/grep
ac_cv_path_MSGFMT=/usr/bin/msgfmt
ac_cv_path_MSGMERGE=/usr/bin/msgmerge
ac_cv_path_PERLPATH=/usr/bin/perl
ac_cv_path_XDG_DESKTOP_MENU=/usr/bin/xdg-desktop-menu
ac_cv_path_XDG_ICON_RESOURCE=/usr/bin/xdg-icon-resource
ac_cv_path_XDG_MIME=/usr/bin/xdg-mime
ac_cv_path_XGETTEXT=/usr/bin/xgettext
ac_cv_path_ac_pt_PKG_CONFIG=/usr/bin/pkg-config
ac_cv_path_install='/usr/bin/install -c'
ac_cv_path_mkdir=/bin/mkdir
ac_cv_prog_AWK=mawk
ac_cv_prog_CPP='gcc -E'
ac_cv_prog_MINFO=makeinfo
ac_cv_prog_NROFF='nroff -man'
ac_cv_prog_PKGCONFIG=pkg-config
ac_cv_prog_RSH=rsh
ac_cv_prog_ac_ct_CC=gcc
ac_cv_prog_cc_c89=
ac_cv_prog_cc_g=yes
ac_cv_prog_cc_gcc_c_o=yes
ac_cv_prog_make_make_set=yes
ac_cv_search_opendir='none required'
ac_cv_search_strerror='none required'
ac_cv_type_signal=void
acl_cv_hardcode_direct=no
acl_cv_hardcode_libdir_flag_spec='${wl}-rpath ${wl}$libdir'
acl_cv_hardcode_libdir_separator=
acl_cv_hardcode_minus_L=no
acl_cv_libext=a
acl_cv_libname_spec='lib$name'
acl_cv_library_names_spec='$libname$shrext'
acl_cv_path_LD=/usr/bin/ld
acl_cv_prog_gnu_ld=yes
acl_cv_rpath=done
acl_cv_shlibext=so
acl_cv_wl=-Wl,
am_cv_CC_dependencies_compiler_type=gcc3
am_cv_make_support_nested_variables=yes
gt_cv_func_CFLocaleCopyCurrent=no
gt_cv_func_CFPreferencesCopyAppValue=no
gt_cv_func_gnugettext1_libc=yes
pkg_cv_CAIRO_CFLAGS='-pthread -I/usr/include/librsvg-2.0 -I/usr/include/gdk-pixbuf-2.0 -I/usr/include/libpng16 -I/usr/include/cairo -I/usr/include/glib-2.0 -I/usr/lib/x86_64-linux-gnu/glib-2.0/include -I/usr/include/pixman-1 -I/usr/include/freetype2 -I/usr/include/libpng16 -I/usr/include/freetype2 -I/usr/include/libpng16'
pkg_cv_CAIRO_LIBS='-lrsvg-2 -lm -lgio-2.0 -lgdk_pixbuf-2.0 -lgobject-2.0 -lglib-2.0 -lcairo'

## ----------------- ##
## Output variables. ##
## ----------------- ##

ACLOCAL='${SHELL} /home/labaman/PROIECT_PA/xboard-4.8.0/missing aclocal-1.13'
AMDEPBACKSLASH='\'
AMDEP_FALSE='#'
AMDEP_TRUE=''
AMTAR='$${TAR-tar}'
AM_BACKSLASH='\'
AM_DEFAULT_V='$(AM_DEFAULT_VERBOSITY)'
AM_DEFAULT_VERBOSITY='0'
AM_V='$(V)'
AUTOCONF='${SHELL} /home/labaman/PROIECT_PA/xboard-4.8.0/missing autoconf'
AUTOHEADER='${SHELL} /home/labaman/PROIECT_PA/xboard-4.8.0/missing autoheader'
AUTOMAKE='${SHELL} /home/labaman/PROIECT_PA/xboard-4.8.0/missing automake-1.13'
AWK='mawk'
AWKPATH='/usr/bin/awk'
CAIRO_CFLAGS='-pthread -I/usr/include/librsvg-2.0 -I/usr/include/gdk-pixbuf-2.0 -I/usr/include/libpng16 -I/usr/include/cairo -I/usr/include/glib-2.0 -I/usr/lib/x86_64-linux-gnu/glib-2.0/include -I/usr/include/pixman-1 -I/usr/include/freetype2 -I/usr/include/libpng16 -I/usr/include/freetype2 -I/usr/include/libpng16'
CAIRO_LIBS='-lrsvg-2 -lm -lgio-2.0 -lgdk_pixbuf-2.0 -lgobject-2.0 -lglib-2.0 -lcairo'
CC='gcc'
CCDEPMODE='depmode=gcc3'
CFLAGS='  -Wall -Wno-parentheses'
CONFIGURE_OPTIONS='prefix=NONE; datarootdir=${prefix}/share; datadir=${datarootdir}; gamedatadir=$(datadir)/games/xboard; desktopdir=$(datadir)/applications; mimedir=$(datadir)/mime/packages; iconsdir=$(datadir)/icons/hicolor/48x48/apps; svgiconsdir=$(datadir)/icons/hicolor/scalable/apps; infodir=${datarootdir}/info; sysconfigdir=; update_mimedb=yes; NLS=yes; GKT=no; Xaw3d=no; Xaw=yes; ptys=pipes; zippy=no; sigint=yes'
CONF_CFLAGS=''
CONF_LDFLAGS=''
CPP='gcc -E'
CPPFLAGS=''
CYGPATH_W='echo'
DEFS='-DHAVE_CONFIG_H'
DEPDIR='.deps'
DESKTOPDIR='$(datadir)/applications'
ECHO_C=''
ECHO_N='-n'
ECHO_T=''
EGREP='/bin/grep -E'
ENABLE_UPDATE_MIMEDB_FALSE='#'
ENABLE_UPDATE_MIMEDB_TRUE=''
EXEEXT=''
FRONTEND_CFLAGS=''
FRONTEND_LIBS='-lXaw'
GAMEDATADIR='$(datadir)/games/xboard'
GETTEXT_MACRO_VERSION='0.17'
GMSGFMT='/usr/bin/msgfmt'
GMSGFMT_015='/usr/bin/msgfmt'
GREP='/bin/grep'
GTK_CFLAGS=''
GTK_LIBS=''
ICONSDIR='$(datadir)/icons/hicolor/48x48/apps'
INSTALL_DATA='${INSTALL} -m 644'
INSTALL_PROGRAM='${INSTALL}'
INSTALL_SCRIPT='${INSTALL}'
INSTALL_STRIP_PROGRAM='$(install_sh) -c -s'
INTLLIBS=''
INTL_MACOSX_LIBS=''
LDFLAGS=''
LIBICONV='-liconv'
LIBINTL=''
LIBOBJS=''
LIBS=''
LTLIBICONV='-liconv'
LTLIBINTL=''
LTLIBOBJS=''
MAKEINFO='${SHELL} /home/labaman/PROIECT_PA/xboard-4.8.0/missing makeinfo'
MIMEDIR='$(datadir)/mime/packages'
MINFO='makeinfo'
MKDIR_P='/bin/mkdir -p'
MSGFMT='/usr/bin/msgfmt'
MSGFMT_015='/usr/bin/msgfmt'
MSGMERGE='/usr/bin/msgmerge'
NROFF='nroff -man'
NROFFFLAGS=''
OBJEXT='o'
OSX_APP_FALSE=''
OSX_APP_TRUE='#'
PACKAGE='xboard'
PACKAGE_BUGREPORT='bug-xboard@gnu.org'
PACKAGE_NAME='xboard'
PACKAGE_STRING='xboard 4.8.0'
PACKAGE_TARNAME='xboard'
PACKAGE_URL=''
PACKAGE_VERSION='4.8.0'
PATH_SEPARATOR=':'
PERLPATH='/usr/bin/perl'
PKGCONFIG='pkg-config'
PKG_CONFIG='/usr/bin/pkg-config'
PKG_CONFIG_LIBDIR=''
PKG_CONFIG_PATH=''
POST_XMULIB=''
POSUB='po'
PRE_XMULIB=''
RSH='rsh'
SET_MAKE=''
SHELL='/bin/bash'
STRIP=''
SVGICONSDIR='$(datadir)/icons/hicolor/scalable/apps'
SW_VERS=''
USE_NLS='yes'
VERSION='4.8.0'
XDG_DESKTOP_MENU='/usr/bin/xdg-desktop-menu'
XDG_ICON_RESOURCE='/usr/bin/xdg-icon-resource'
XDG_MIME='/usr/bin/xdg-mime'
XGETTEXT='/usr/bin/xgettext'
XGETTEXT_015='/usr/bin/xgettext'
XGETTEXT_EXTRA_OPTIONS=''
XMKMF=''
X_CFLAGS=''
X_EXTRA_LIBS=''
X_LIBS=' -lSM -lICE   -lXmu -lX11 -lXt '
X_PRE_LIBS=' -lSM -lICE'
ZIPPY_FALSE=''
ZIPPY_TRUE='#'
ac_ct_CC='gcc'
am__EXEEXT_FALSE=''
am__EXEEXT_TRUE='#'
am__fastdepCC_FALSE='#'
am__fastdepCC_TRUE=''
am__include='include'
am__isrc=''
am__leading_dot='.'
am__nodep='_no'
am__quote=''
am__tar='$${TAR-tar} chof - "$$tardir"'
am__untar='$${TAR-tar} xf -'
bindir='${exec_prefix}/bin'
build='x86_64-unknown-linux-gnu'
build_alias=''
build_cpu='x86_64'
build_os='linux-gnu'
build_vendor='unknown'
datadir='${datarootdir}'
datarootdir='${prefix}/share'
docdir='${datarootdir}/doc/${PACKAGE_TARNAME}'
dvidir='${docdir}'
exec_prefix='${prefix}'
host='x86_64-unknown-linux-gnu'
host_alias=''
host_cpu='x86_64'
host_os='linux-gnu'
host_vendor='unknown'
htmldir='${docdir}'
includedir='${prefix}/include'
infodir='${datarootdir}/info'
install_sh='${SHELL} /home/labaman/PROIECT_PA/xboard-4.8.0/install-sh'
libdir='${exec_prefix}/lib'
libexecdir='${exec_prefix}/libexec'
localedir='${datarootdir}/locale'
localstatedir='${prefix}/var'
mandir='${datarootdir}/man'
mkdir_p='/bin/mkdir -p'
oldincludedir='/usr/include'
pdfdir='${docdir}'
prefix='/usr/local'
program_transform_name='s,x,x,'
psdir='${docdir}'
sbindir='${exec_prefix}/sbin'
sharedstatedir='${prefix}/com'
sysconfdir='${prefix}/etc'
target_alias=''
withGTK_FALSE=''
withGTK_TRUE='#'
withXaw_FALSE='#'
withXaw_TRUE=''

## ----------- ##
## confdefs.h. ##
## ----------- ##

/* confdefs.h */
#define PACKAGE_NAME "xboard"
#define PACKAGE_TARNAME "xboard"
#define PACKAGE_VERSION "4.8.0"
#define PACKAGE_STRING "xboard 4.8.0"
#define PACKAGE_BUGREPORT "bug-xboard@gnu.org"
#define PACKAGE_URL ""
#define PACKAGE "xboard"
#define VERSION "4.8.0"
#define ENABLE_NLS 1
#define HAVE_GETTEXT 1
#define HAVE_DCGETTEXT 1
#define REMOTE_SHELL "rsh"
#define STDC_HEADERS 1
#define TIME_WITH_SYS_TIME 1
#define HAVE_SYS_WAIT_H 1
#define HAVE_DIRENT_H 1
#define RETSIGTYPE void
#define HAVE_SYS_TYPES_H 1
#define HAVE_SYS_STAT_H 1
#define HAVE_STDLIB_H 1
#define HAVE_STRING_H 1
#define HAVE_MEMORY_H 1
#define HAVE_STRINGS_H 1
#define HAVE_INTTYPES_H 1
#define HAVE_STDINT_H 1
#define HAVE_UNISTD_H 1
#define HAVE_STROPTS_H 1
#define HAVE_SYS_TIME_H 1
#define HAVE_STRING_H 1
#define HAVE_UNISTD_H 1
#define HAVE_FCNTL_H 1
#define HAVE_SYS_SOCKET_H 1
#define HAVE_GRANTPT 1
#define HAVE_SETITIMER 1
#define HAVE_USLEEP 1
#define HAVE_GETTIMEOFDAY 1
#define HAVE_RANDOM 1
#define HAVE_GETHOSTNAME 1
#define USE_PTYS 0
#define ZIPPY 0
#define ATTENTION 1

configure: exit 0
